<?xml version="1.0" encoding="UTF-8"?>
<robot generator="Robot 4.0.2 (Python 3.8.8 on win32)" generated="20210514 20:52:11.265" rpa="false" schemaversion="2">
<suite id="s1" name="classCreation tests" source="C:\Users\Kim\Desktop\OU\Software Project Management\WebDemo-main\classCreation_tests">
<suite id="s1-s1" name="Invalid Create" source="C:\Users\Kim\Desktop\OU\Software Project Management\WebDemo-main\classCreation_tests\invalid_create.robot">
<kw name="Open Browser To Create Page" library="resource" type="SETUP">
<kw name="Open Browser" library="SeleniumLibrary">
<arg>${CREATECLASS URL}</arg>
<arg>${BROWSER}</arg>
<doc>Opens a new browser instance to the optional ``url``.</doc>
<msg timestamp="20210514 20:52:11.456" level="INFO">Opening browser 'Chrome' to base url 'http://localhost:7272/'.</msg>
<status status="PASS" starttime="20210514 20:52:11.456" endtime="20210514 20:52:14.047"/>
</kw>
<kw name="Maximize Browser Window" library="SeleniumLibrary">
<doc>Maximizes current browser window.</doc>
<status status="PASS" starttime="20210514 20:52:14.047" endtime="20210514 20:52:14.161"/>
</kw>
<kw name="Set Selenium Speed" library="SeleniumLibrary">
<arg>${DELAY}</arg>
<doc>Sets the delay that is waited after each Selenium command.</doc>
<status status="PASS" starttime="20210514 20:52:14.161" endtime="20210514 20:52:14.162"/>
</kw>
<kw name="Create Page Should Be Open" library="resource">
<kw name="Title Should Be" library="SeleniumLibrary">
<arg>Create class</arg>
<doc>Verifies that the current page title equals ``title``.</doc>
<msg timestamp="20210514 20:52:14.166" level="INFO">Page title is 'Create class'.</msg>
<status status="PASS" starttime="20210514 20:52:14.162" endtime="20210514 20:52:14.166"/>
</kw>
<status status="PASS" starttime="20210514 20:52:14.162" endtime="20210514 20:52:14.166"/>
</kw>
<status status="PASS" starttime="20210514 20:52:11.456" endtime="20210514 20:52:14.166"/>
</kw>
<test id="s1-s1-t1" name="Empty TITLE">
<kw name="Go To Create class Page" library="resource" type="SETUP">
<kw name="Go To" library="SeleniumLibrary">
<arg>${CREATECLASS URL}</arg>
<doc>Navigates the current browser window to the provided ``url``.</doc>
<msg timestamp="20210514 20:52:14.167" level="INFO">Opening url 'http://localhost:7272/'</msg>
<status status="PASS" starttime="20210514 20:52:14.167" endtime="20210514 20:52:14.389"/>
</kw>
<kw name="Create Page Should Be Open" library="resource">
<kw name="Title Should Be" library="SeleniumLibrary">
<arg>Create class</arg>
<doc>Verifies that the current page title equals ``title``.</doc>
<msg timestamp="20210514 20:52:14.395" level="INFO">Page title is 'Create class'.</msg>
<status status="PASS" starttime="20210514 20:52:14.390" endtime="20210514 20:52:14.395"/>
</kw>
<status status="PASS" starttime="20210514 20:52:14.389" endtime="20210514 20:52:14.395"/>
</kw>
<status status="PASS" starttime="20210514 20:52:14.167" endtime="20210514 20:52:14.395"/>
</kw>
<kw name="Create With Invalid Credentials Should Fail">
<arg>${EMPTY}</arg>
<arg>${VALID DESCRIPTION}</arg>
<arg>${VALID DIFFICULTY}</arg>
<arg>${VALID LANGUAGE}</arg>
<kw name="Input Title" library="resource">
<arg>${TITLE}</arg>
<kw name="Input Text" library="SeleniumLibrary">
<arg>title_field</arg>
<arg>${title}</arg>
<doc>Types the given ``text`` into the text field identified by ``locator``.</doc>
<msg timestamp="20210514 20:52:14.398" level="INFO">Typing text '' into text field 'title_field'.</msg>
<status status="PASS" starttime="20210514 20:52:14.398" endtime="20210514 20:52:14.464"/>
</kw>
<status status="PASS" starttime="20210514 20:52:14.397" endtime="20210514 20:52:14.465"/>
</kw>
<kw name="Input Description" library="resource">
<arg>${DESCRIPTION}</arg>
<kw name="Input Text" library="SeleniumLibrary">
<arg>description_field</arg>
<arg>${description}</arg>
<doc>Types the given ``text`` into the text field identified by ``locator``.</doc>
<msg timestamp="20210514 20:52:14.466" level="INFO">Typing text 'mode' into text field 'description_field'.</msg>
<status status="PASS" starttime="20210514 20:52:14.465" endtime="20210514 20:52:14.532"/>
</kw>
<status status="PASS" starttime="20210514 20:52:14.465" endtime="20210514 20:52:14.532"/>
</kw>
<kw name="Input Difficulty" library="resource">
<arg>${DIFFICULTY}</arg>
<kw name="Select From List By Label" library="SeleniumLibrary">
<arg>difficulty_field</arg>
<arg>${difficulty}</arg>
<doc>Selects options from selection list ``locator`` by ``labels``.</doc>
<msg timestamp="20210514 20:52:14.533" level="INFO">Selecting options from selection list 'difficulty_field' by label Beginner.</msg>
<status status="PASS" starttime="20210514 20:52:14.532" endtime="20210514 20:52:14.585"/>
</kw>
<status status="PASS" starttime="20210514 20:52:14.532" endtime="20210514 20:52:14.585"/>
</kw>
<kw name="Input Language" library="resource">
<arg>${LANGUAGE}</arg>
<kw name="Select From List By Label" library="SeleniumLibrary">
<arg>language_field</arg>
<arg>${language}</arg>
<doc>Selects options from selection list ``locator`` by ``labels``.</doc>
<msg timestamp="20210514 20:52:14.586" level="INFO">Selecting options from selection list 'language_field' by label Cantonese.</msg>
<status status="PASS" starttime="20210514 20:52:14.586" endtime="20210514 20:52:14.635"/>
</kw>
<status status="PASS" starttime="20210514 20:52:14.585" endtime="20210514 20:52:14.636"/>
</kw>
<kw name="Submit Credentials" library="resource">
<kw name="Click Button" library="SeleniumLibrary">
<arg>submit_button</arg>
<doc>Clicks the button identified by ``locator``.</doc>
<msg timestamp="20210514 20:52:14.636" level="INFO">Clicking button 'submit_button'.</msg>
<status status="PASS" starttime="20210514 20:52:14.636" endtime="20210514 20:52:14.718"/>
</kw>
<status status="PASS" starttime="20210514 20:52:14.636" endtime="20210514 20:52:14.719"/>
</kw>
<kw name="Creation Should Have Failed">
<kw name="Location Should Be" library="SeleniumLibrary">
<arg>${CLASSCREATIONERROR URL}</arg>
<doc>Verifies that the current URL is exactly ``url``.</doc>
<msg timestamp="20210514 20:52:14.722" level="INFO">Current location is 'http://localhost:7272/classCreationError.html'.</msg>
<status status="PASS" starttime="20210514 20:52:14.719" endtime="20210514 20:52:14.722"/>
</kw>
<kw name="Title Should Be" library="SeleniumLibrary">
<arg>Error Page</arg>
<doc>Verifies that the current page title equals ``title``.</doc>
<msg timestamp="20210514 20:52:14.727" level="INFO">Page title is 'Error Page'.</msg>
<status status="PASS" starttime="20210514 20:52:14.723" endtime="20210514 20:52:14.727"/>
</kw>
<status status="PASS" starttime="20210514 20:52:14.719" endtime="20210514 20:52:14.727"/>
</kw>
<status status="PASS" starttime="20210514 20:52:14.396" endtime="20210514 20:52:14.728"/>
</kw>
<status status="PASS" starttime="20210514 20:52:14.166" endtime="20210514 20:52:14.728"/>
</test>
<test id="s1-s1-t2" name="Empty DESCRIPTION">
<kw name="Go To Create class Page" library="resource" type="SETUP">
<kw name="Go To" library="SeleniumLibrary">
<arg>${CREATECLASS URL}</arg>
<doc>Navigates the current browser window to the provided ``url``.</doc>
<msg timestamp="20210514 20:52:14.730" level="INFO">Opening url 'http://localhost:7272/'</msg>
<status status="PASS" starttime="20210514 20:52:14.729" endtime="20210514 20:52:14.749"/>
</kw>
<kw name="Create Page Should Be Open" library="resource">
<kw name="Title Should Be" library="SeleniumLibrary">
<arg>Create class</arg>
<doc>Verifies that the current page title equals ``title``.</doc>
<msg timestamp="20210514 20:52:14.754" level="INFO">Page title is 'Create class'.</msg>
<status status="PASS" starttime="20210514 20:52:14.750" endtime="20210514 20:52:14.754"/>
</kw>
<status status="PASS" starttime="20210514 20:52:14.750" endtime="20210514 20:52:14.754"/>
</kw>
<status status="PASS" starttime="20210514 20:52:14.729" endtime="20210514 20:52:14.754"/>
</kw>
<kw name="Create With Invalid Credentials Should Fail">
<arg>${VALID TITLE}</arg>
<arg>${EMPTY}</arg>
<arg>${VALID DIFFICULTY}</arg>
<arg>${VALID LANGUAGE}</arg>
<kw name="Input Title" library="resource">
<arg>${TITLE}</arg>
<kw name="Input Text" library="SeleniumLibrary">
<arg>title_field</arg>
<arg>${title}</arg>
<doc>Types the given ``text`` into the text field identified by ``locator``.</doc>
<msg timestamp="20210514 20:52:14.756" level="INFO">Typing text 'demo' into text field 'title_field'.</msg>
<status status="PASS" starttime="20210514 20:52:14.756" endtime="20210514 20:52:14.827"/>
</kw>
<status status="PASS" starttime="20210514 20:52:14.756" endtime="20210514 20:52:14.827"/>
</kw>
<kw name="Input Description" library="resource">
<arg>${DESCRIPTION}</arg>
<kw name="Input Text" library="SeleniumLibrary">
<arg>description_field</arg>
<arg>${description}</arg>
<doc>Types the given ``text`` into the text field identified by ``locator``.</doc>
<msg timestamp="20210514 20:52:14.828" level="INFO">Typing text '' into text field 'description_field'.</msg>
<status status="PASS" starttime="20210514 20:52:14.828" endtime="20210514 20:52:14.883"/>
</kw>
<status status="PASS" starttime="20210514 20:52:14.827" endtime="20210514 20:52:14.884"/>
</kw>
<kw name="Input Difficulty" library="resource">
<arg>${DIFFICULTY}</arg>
<kw name="Select From List By Label" library="SeleniumLibrary">
<arg>difficulty_field</arg>
<arg>${difficulty}</arg>
<doc>Selects options from selection list ``locator`` by ``labels``.</doc>
<msg timestamp="20210514 20:52:14.885" level="INFO">Selecting options from selection list 'difficulty_field' by label Beginner.</msg>
<status status="PASS" starttime="20210514 20:52:14.884" endtime="20210514 20:52:14.930"/>
</kw>
<status status="PASS" starttime="20210514 20:52:14.884" endtime="20210514 20:52:14.930"/>
</kw>
<kw name="Input Language" library="resource">
<arg>${LANGUAGE}</arg>
<kw name="Select From List By Label" library="SeleniumLibrary">
<arg>language_field</arg>
<arg>${language}</arg>
<doc>Selects options from selection list ``locator`` by ``labels``.</doc>
<msg timestamp="20210514 20:52:14.931" level="INFO">Selecting options from selection list 'language_field' by label Cantonese.</msg>
<status status="PASS" starttime="20210514 20:52:14.931" endtime="20210514 20:52:14.977"/>
</kw>
<status status="PASS" starttime="20210514 20:52:14.930" endtime="20210514 20:52:14.978"/>
</kw>
<kw name="Submit Credentials" library="resource">
<kw name="Click Button" library="SeleniumLibrary">
<arg>submit_button</arg>
<doc>Clicks the button identified by ``locator``.</doc>
<msg timestamp="20210514 20:52:14.978" level="INFO">Clicking button 'submit_button'.</msg>
<status status="PASS" starttime="20210514 20:52:14.978" endtime="20210514 20:52:15.033"/>
</kw>
<status status="PASS" starttime="20210514 20:52:14.978" endtime="20210514 20:52:15.034"/>
</kw>
<kw name="Creation Should Have Failed">
<kw name="Location Should Be" library="SeleniumLibrary">
<arg>${CLASSCREATIONERROR URL}</arg>
<doc>Verifies that the current URL is exactly ``url``.</doc>
<msg timestamp="20210514 20:52:15.038" level="INFO">Current location is 'http://localhost:7272/classCreationError.html'.</msg>
<status status="PASS" starttime="20210514 20:52:15.034" endtime="20210514 20:52:15.038"/>
</kw>
<kw name="Title Should Be" library="SeleniumLibrary">
<arg>Error Page</arg>
<doc>Verifies that the current page title equals ``title``.</doc>
<msg timestamp="20210514 20:52:15.042" level="INFO">Page title is 'Error Page'.</msg>
<status status="PASS" starttime="20210514 20:52:15.038" endtime="20210514 20:52:15.042"/>
</kw>
<status status="PASS" starttime="20210514 20:52:15.034" endtime="20210514 20:52:15.042"/>
</kw>
<status status="PASS" starttime="20210514 20:52:14.755" endtime="20210514 20:52:15.043"/>
</kw>
<status status="PASS" starttime="20210514 20:52:14.729" endtime="20210514 20:52:15.043"/>
</test>
<test id="s1-s1-t3" name="Invalid DIFFICULTY">
<kw name="Go To Create class Page" library="resource" type="SETUP">
<kw name="Go To" library="SeleniumLibrary">
<arg>${CREATECLASS URL}</arg>
<doc>Navigates the current browser window to the provided ``url``.</doc>
<msg timestamp="20210514 20:52:15.045" level="INFO">Opening url 'http://localhost:7272/'</msg>
<status status="PASS" starttime="20210514 20:52:15.045" endtime="20210514 20:52:15.064"/>
</kw>
<kw name="Create Page Should Be Open" library="resource">
<kw name="Title Should Be" library="SeleniumLibrary">
<arg>Create class</arg>
<doc>Verifies that the current page title equals ``title``.</doc>
<msg timestamp="20210514 20:52:15.068" level="INFO">Page title is 'Create class'.</msg>
<status status="PASS" starttime="20210514 20:52:15.065" endtime="20210514 20:52:15.068"/>
</kw>
<status status="PASS" starttime="20210514 20:52:15.064" endtime="20210514 20:52:15.068"/>
</kw>
<status status="PASS" starttime="20210514 20:52:15.044" endtime="20210514 20:52:15.068"/>
</kw>
<kw name="Create With Invalid Credentials Should Fail">
<arg>${VALID TITLE}</arg>
<arg>${VALID DESCRIPTION}</arg>
<arg>Please select</arg>
<arg>Please select</arg>
<kw name="Input Title" library="resource">
<arg>${TITLE}</arg>
<kw name="Input Text" library="SeleniumLibrary">
<arg>title_field</arg>
<arg>${title}</arg>
<doc>Types the given ``text`` into the text field identified by ``locator``.</doc>
<msg timestamp="20210514 20:52:15.070" level="INFO">Typing text 'demo' into text field 'title_field'.</msg>
<status status="PASS" starttime="20210514 20:52:15.070" endtime="20210514 20:52:15.132"/>
</kw>
<status status="PASS" starttime="20210514 20:52:15.069" endtime="20210514 20:52:15.133"/>
</kw>
<kw name="Input Description" library="resource">
<arg>${DESCRIPTION}</arg>
<kw name="Input Text" library="SeleniumLibrary">
<arg>description_field</arg>
<arg>${description}</arg>
<doc>Types the given ``text`` into the text field identified by ``locator``.</doc>
<msg timestamp="20210514 20:52:15.134" level="INFO">Typing text 'mode' into text field 'description_field'.</msg>
<status status="PASS" starttime="20210514 20:52:15.133" endtime="20210514 20:52:15.190"/>
</kw>
<status status="PASS" starttime="20210514 20:52:15.133" endtime="20210514 20:52:15.190"/>
</kw>
<kw name="Input Difficulty" library="resource">
<arg>${DIFFICULTY}</arg>
<kw name="Select From List By Label" library="SeleniumLibrary">
<arg>difficulty_field</arg>
<arg>${difficulty}</arg>
<doc>Selects options from selection list ``locator`` by ``labels``.</doc>
<msg timestamp="20210514 20:52:15.191" level="INFO">Selecting options from selection list 'difficulty_field' by label Please select.</msg>
<status status="PASS" starttime="20210514 20:52:15.191" endtime="20210514 20:52:15.223"/>
</kw>
<status status="PASS" starttime="20210514 20:52:15.191" endtime="20210514 20:52:15.223"/>
</kw>
<kw name="Input Language" library="resource">
<arg>${LANGUAGE}</arg>
<kw name="Select From List By Label" library="SeleniumLibrary">
<arg>language_field</arg>
<arg>${language}</arg>
<doc>Selects options from selection list ``locator`` by ``labels``.</doc>
<msg timestamp="20210514 20:52:15.225" level="INFO">Selecting options from selection list 'language_field' by label Please select.</msg>
<status status="PASS" starttime="20210514 20:52:15.224" endtime="20210514 20:52:15.255"/>
</kw>
<status status="PASS" starttime="20210514 20:52:15.224" endtime="20210514 20:52:15.255"/>
</kw>
<kw name="Submit Credentials" library="resource">
<kw name="Click Button" library="SeleniumLibrary">
<arg>submit_button</arg>
<doc>Clicks the button identified by ``locator``.</doc>
<msg timestamp="20210514 20:52:15.256" level="INFO">Clicking button 'submit_button'.</msg>
<status status="PASS" starttime="20210514 20:52:15.256" endtime="20210514 20:52:15.307"/>
</kw>
<status status="PASS" starttime="20210514 20:52:15.256" endtime="20210514 20:52:15.307"/>
</kw>
<kw name="Creation Should Have Failed">
<kw name="Location Should Be" library="SeleniumLibrary">
<arg>${CLASSCREATIONERROR URL}</arg>
<doc>Verifies that the current URL is exactly ``url``.</doc>
<msg timestamp="20210514 20:52:15.312" level="INFO">Current location is 'http://localhost:7272/classCreationError.html'.</msg>
<status status="PASS" starttime="20210514 20:52:15.308" endtime="20210514 20:52:15.312"/>
</kw>
<kw name="Title Should Be" library="SeleniumLibrary">
<arg>Error Page</arg>
<doc>Verifies that the current page title equals ``title``.</doc>
<msg timestamp="20210514 20:52:15.316" level="INFO">Page title is 'Error Page'.</msg>
<status status="PASS" starttime="20210514 20:52:15.313" endtime="20210514 20:52:15.316"/>
</kw>
<status status="PASS" starttime="20210514 20:52:15.308" endtime="20210514 20:52:15.316"/>
</kw>
<status status="PASS" starttime="20210514 20:52:15.069" endtime="20210514 20:52:15.316"/>
</kw>
<status status="PASS" starttime="20210514 20:52:15.044" endtime="20210514 20:52:15.317"/>
</test>
<test id="s1-s1-t4" name="Invalid LANGUAGE">
<kw name="Go To Create class Page" library="resource" type="SETUP">
<kw name="Go To" library="SeleniumLibrary">
<arg>${CREATECLASS URL}</arg>
<doc>Navigates the current browser window to the provided ``url``.</doc>
<msg timestamp="20210514 20:52:15.319" level="INFO">Opening url 'http://localhost:7272/'</msg>
<status status="PASS" starttime="20210514 20:52:15.319" endtime="20210514 20:52:15.334"/>
</kw>
<kw name="Create Page Should Be Open" library="resource">
<kw name="Title Should Be" library="SeleniumLibrary">
<arg>Create class</arg>
<doc>Verifies that the current page title equals ``title``.</doc>
<msg timestamp="20210514 20:52:15.338" level="INFO">Page title is 'Create class'.</msg>
<status status="PASS" starttime="20210514 20:52:15.335" endtime="20210514 20:52:15.338"/>
</kw>
<status status="PASS" starttime="20210514 20:52:15.334" endtime="20210514 20:52:15.338"/>
</kw>
<status status="PASS" starttime="20210514 20:52:15.318" endtime="20210514 20:52:15.338"/>
</kw>
<kw name="Create With Invalid Credentials Should Fail">
<arg>${VALID TITLE}</arg>
<arg>${VALID DESCRIPTION}</arg>
<arg>Please select</arg>
<arg>Please select</arg>
<kw name="Input Title" library="resource">
<arg>${TITLE}</arg>
<kw name="Input Text" library="SeleniumLibrary">
<arg>title_field</arg>
<arg>${title}</arg>
<doc>Types the given ``text`` into the text field identified by ``locator``.</doc>
<msg timestamp="20210514 20:52:15.340" level="INFO">Typing text 'demo' into text field 'title_field'.</msg>
<status status="PASS" starttime="20210514 20:52:15.339" endtime="20210514 20:52:15.406"/>
</kw>
<status status="PASS" starttime="20210514 20:52:15.339" endtime="20210514 20:52:15.406"/>
</kw>
<kw name="Input Description" library="resource">
<arg>${DESCRIPTION}</arg>
<kw name="Input Text" library="SeleniumLibrary">
<arg>description_field</arg>
<arg>${description}</arg>
<doc>Types the given ``text`` into the text field identified by ``locator``.</doc>
<msg timestamp="20210514 20:52:15.407" level="INFO">Typing text 'mode' into text field 'description_field'.</msg>
<status status="PASS" starttime="20210514 20:52:15.407" endtime="20210514 20:52:15.464"/>
</kw>
<status status="PASS" starttime="20210514 20:52:15.406" endtime="20210514 20:52:15.465"/>
</kw>
<kw name="Input Difficulty" library="resource">
<arg>${DIFFICULTY}</arg>
<kw name="Select From List By Label" library="SeleniumLibrary">
<arg>difficulty_field</arg>
<arg>${difficulty}</arg>
<doc>Selects options from selection list ``locator`` by ``labels``.</doc>
<msg timestamp="20210514 20:52:15.466" level="INFO">Selecting options from selection list 'difficulty_field' by label Please select.</msg>
<status status="PASS" starttime="20210514 20:52:15.465" endtime="20210514 20:52:15.495"/>
</kw>
<status status="PASS" starttime="20210514 20:52:15.465" endtime="20210514 20:52:15.495"/>
</kw>
<kw name="Input Language" library="resource">
<arg>${LANGUAGE}</arg>
<kw name="Select From List By Label" library="SeleniumLibrary">
<arg>language_field</arg>
<arg>${language}</arg>
<doc>Selects options from selection list ``locator`` by ``labels``.</doc>
<msg timestamp="20210514 20:52:15.496" level="INFO">Selecting options from selection list 'language_field' by label Please select.</msg>
<status status="PASS" starttime="20210514 20:52:15.495" endtime="20210514 20:52:15.524"/>
</kw>
<status status="PASS" starttime="20210514 20:52:15.495" endtime="20210514 20:52:15.525"/>
</kw>
<kw name="Submit Credentials" library="resource">
<kw name="Click Button" library="SeleniumLibrary">
<arg>submit_button</arg>
<doc>Clicks the button identified by ``locator``.</doc>
<msg timestamp="20210514 20:52:15.525" level="INFO">Clicking button 'submit_button'.</msg>
<status status="PASS" starttime="20210514 20:52:15.525" endtime="20210514 20:52:15.576"/>
</kw>
<status status="PASS" starttime="20210514 20:52:15.525" endtime="20210514 20:52:15.576"/>
</kw>
<kw name="Creation Should Have Failed">
<kw name="Location Should Be" library="SeleniumLibrary">
<arg>${CLASSCREATIONERROR URL}</arg>
<doc>Verifies that the current URL is exactly ``url``.</doc>
<msg timestamp="20210514 20:52:15.581" level="INFO">Current location is 'http://localhost:7272/classCreationError.html'.</msg>
<status status="PASS" starttime="20210514 20:52:15.577" endtime="20210514 20:52:15.581"/>
</kw>
<kw name="Title Should Be" library="SeleniumLibrary">
<arg>Error Page</arg>
<doc>Verifies that the current page title equals ``title``.</doc>
<msg timestamp="20210514 20:52:15.584" level="INFO">Page title is 'Error Page'.</msg>
<status status="PASS" starttime="20210514 20:52:15.581" endtime="20210514 20:52:15.584"/>
</kw>
<status status="PASS" starttime="20210514 20:52:15.576" endtime="20210514 20:52:15.584"/>
</kw>
<status status="PASS" starttime="20210514 20:52:15.339" endtime="20210514 20:52:15.584"/>
</kw>
<status status="PASS" starttime="20210514 20:52:15.318" endtime="20210514 20:52:15.585"/>
</test>
<test id="s1-s1-t5" name="All Invalid Arguments">
<kw name="Go To Create class Page" library="resource" type="SETUP">
<kw name="Go To" library="SeleniumLibrary">
<arg>${CREATECLASS URL}</arg>
<doc>Navigates the current browser window to the provided ``url``.</doc>
<msg timestamp="20210514 20:52:15.587" level="INFO">Opening url 'http://localhost:7272/'</msg>
<status status="PASS" starttime="20210514 20:52:15.586" endtime="20210514 20:52:15.603"/>
</kw>
<kw name="Create Page Should Be Open" library="resource">
<kw name="Title Should Be" library="SeleniumLibrary">
<arg>Create class</arg>
<doc>Verifies that the current page title equals ``title``.</doc>
<msg timestamp="20210514 20:52:15.609" level="INFO">Page title is 'Create class'.</msg>
<status status="PASS" starttime="20210514 20:52:15.604" endtime="20210514 20:52:15.609"/>
</kw>
<status status="PASS" starttime="20210514 20:52:15.603" endtime="20210514 20:52:15.609"/>
</kw>
<status status="PASS" starttime="20210514 20:52:15.586" endtime="20210514 20:52:15.610"/>
</kw>
<kw name="Create With Invalid Credentials Should Fail">
<arg>${EMPTY}</arg>
<arg>${EMPTY}</arg>
<arg>Please select</arg>
<arg>Please select</arg>
<kw name="Input Title" library="resource">
<arg>${TITLE}</arg>
<kw name="Input Text" library="SeleniumLibrary">
<arg>title_field</arg>
<arg>${title}</arg>
<doc>Types the given ``text`` into the text field identified by ``locator``.</doc>
<msg timestamp="20210514 20:52:15.612" level="INFO">Typing text '' into text field 'title_field'.</msg>
<status status="PASS" starttime="20210514 20:52:15.612" endtime="20210514 20:52:15.671"/>
</kw>
<status status="PASS" starttime="20210514 20:52:15.611" endtime="20210514 20:52:15.671"/>
</kw>
<kw name="Input Description" library="resource">
<arg>${DESCRIPTION}</arg>
<kw name="Input Text" library="SeleniumLibrary">
<arg>description_field</arg>
<arg>${description}</arg>
<doc>Types the given ``text`` into the text field identified by ``locator``.</doc>
<msg timestamp="20210514 20:52:15.672" level="INFO">Typing text '' into text field 'description_field'.</msg>
<status status="PASS" starttime="20210514 20:52:15.672" endtime="20210514 20:52:15.725"/>
</kw>
<status status="PASS" starttime="20210514 20:52:15.671" endtime="20210514 20:52:15.726"/>
</kw>
<kw name="Input Difficulty" library="resource">
<arg>${DIFFICULTY}</arg>
<kw name="Select From List By Label" library="SeleniumLibrary">
<arg>difficulty_field</arg>
<arg>${difficulty}</arg>
<doc>Selects options from selection list ``locator`` by ``labels``.</doc>
<msg timestamp="20210514 20:52:15.727" level="INFO">Selecting options from selection list 'difficulty_field' by label Please select.</msg>
<status status="PASS" starttime="20210514 20:52:15.726" endtime="20210514 20:52:15.756"/>
</kw>
<status status="PASS" starttime="20210514 20:52:15.726" endtime="20210514 20:52:15.757"/>
</kw>
<kw name="Input Language" library="resource">
<arg>${LANGUAGE}</arg>
<kw name="Select From List By Label" library="SeleniumLibrary">
<arg>language_field</arg>
<arg>${language}</arg>
<doc>Selects options from selection list ``locator`` by ``labels``.</doc>
<msg timestamp="20210514 20:52:15.758" level="INFO">Selecting options from selection list 'language_field' by label Please select.</msg>
<status status="PASS" starttime="20210514 20:52:15.757" endtime="20210514 20:52:15.786"/>
</kw>
<status status="PASS" starttime="20210514 20:52:15.757" endtime="20210514 20:52:15.786"/>
</kw>
<kw name="Submit Credentials" library="resource">
<kw name="Click Button" library="SeleniumLibrary">
<arg>submit_button</arg>
<doc>Clicks the button identified by ``locator``.</doc>
<msg timestamp="20210514 20:52:15.787" level="INFO">Clicking button 'submit_button'.</msg>
<status status="PASS" starttime="20210514 20:52:15.787" endtime="20210514 20:52:15.839"/>
</kw>
<status status="PASS" starttime="20210514 20:52:15.787" endtime="20210514 20:52:15.839"/>
</kw>
<kw name="Creation Should Have Failed">
<kw name="Location Should Be" library="SeleniumLibrary">
<arg>${CLASSCREATIONERROR URL}</arg>
<doc>Verifies that the current URL is exactly ``url``.</doc>
<msg timestamp="20210514 20:52:15.844" level="INFO">Current location is 'http://localhost:7272/classCreationError.html'.</msg>
<status status="PASS" starttime="20210514 20:52:15.839" endtime="20210514 20:52:15.844"/>
</kw>
<kw name="Title Should Be" library="SeleniumLibrary">
<arg>Error Page</arg>
<doc>Verifies that the current page title equals ``title``.</doc>
<msg timestamp="20210514 20:52:15.849" level="INFO">Page title is 'Error Page'.</msg>
<status status="PASS" starttime="20210514 20:52:15.844" endtime="20210514 20:52:15.849"/>
</kw>
<status status="PASS" starttime="20210514 20:52:15.839" endtime="20210514 20:52:15.849"/>
</kw>
<status status="PASS" starttime="20210514 20:52:15.610" endtime="20210514 20:52:15.849"/>
</kw>
<status status="PASS" starttime="20210514 20:52:15.586" endtime="20210514 20:52:15.849"/>
</test>
<kw name="Close Browser" library="SeleniumLibrary" type="TEARDOWN">
<doc>Closes the current browser.</doc>
<status status="PASS" starttime="20210514 20:52:15.851" endtime="20210514 20:52:17.941"/>
</kw>
<doc>A test suite containing tests related to invalid login.

These tests are data-driven by their nature. They use a single
keyword, specified with Test Template setting, that is called
with different arguments to cover different scenarios.

This suite also demonstrates using setups and teardowns in
different levels.</doc>
<status status="PASS" starttime="20210514 20:52:11.290" endtime="20210514 20:52:17.941"/>
</suite>
<suite id="s1-s2" name="Valid Create" source="C:\Users\Kim\Desktop\OU\Software Project Management\WebDemo-main\classCreation_tests\valid_create.robot">
<test id="s1-s2-t1" name="Valid Login">
<kw name="Open Browser To Create Page" library="resource">
<kw name="Open Browser" library="SeleniumLibrary">
<arg>${CREATECLASS URL}</arg>
<arg>${BROWSER}</arg>
<doc>Opens a new browser instance to the optional ``url``.</doc>
<msg timestamp="20210514 20:52:17.949" level="INFO">Opening browser 'Chrome' to base url 'http://localhost:7272/'.</msg>
<status status="PASS" starttime="20210514 20:52:17.949" endtime="20210514 20:52:20.343"/>
</kw>
<kw name="Maximize Browser Window" library="SeleniumLibrary">
<doc>Maximizes current browser window.</doc>
<status status="PASS" starttime="20210514 20:52:20.343" endtime="20210514 20:52:20.534"/>
</kw>
<kw name="Set Selenium Speed" library="SeleniumLibrary">
<arg>${DELAY}</arg>
<doc>Sets the delay that is waited after each Selenium command.</doc>
<status status="PASS" starttime="20210514 20:52:20.534" endtime="20210514 20:52:20.535"/>
</kw>
<kw name="Create Page Should Be Open" library="resource">
<kw name="Title Should Be" library="SeleniumLibrary">
<arg>Create class</arg>
<doc>Verifies that the current page title equals ``title``.</doc>
<msg timestamp="20210514 20:52:20.540" level="INFO">Page title is 'Create class'.</msg>
<status status="PASS" starttime="20210514 20:52:20.535" endtime="20210514 20:52:20.540"/>
</kw>
<status status="PASS" starttime="20210514 20:52:20.535" endtime="20210514 20:52:20.540"/>
</kw>
<status status="PASS" starttime="20210514 20:52:17.949" endtime="20210514 20:52:20.540"/>
</kw>
<kw name="Input Title" library="resource">
<arg>demo</arg>
<kw name="Input Text" library="SeleniumLibrary">
<arg>title_field</arg>
<arg>${title}</arg>
<doc>Types the given ``text`` into the text field identified by ``locator``.</doc>
<msg timestamp="20210514 20:52:20.541" level="INFO">Typing text 'demo' into text field 'title_field'.</msg>
<status status="PASS" starttime="20210514 20:52:20.541" endtime="20210514 20:52:20.619"/>
</kw>
<status status="PASS" starttime="20210514 20:52:20.541" endtime="20210514 20:52:20.619"/>
</kw>
<kw name="Input Description" library="resource">
<arg>mode</arg>
<kw name="Input Text" library="SeleniumLibrary">
<arg>description_field</arg>
<arg>${description}</arg>
<doc>Types the given ``text`` into the text field identified by ``locator``.</doc>
<msg timestamp="20210514 20:52:20.621" level="INFO">Typing text 'mode' into text field 'description_field'.</msg>
<status status="PASS" starttime="20210514 20:52:20.621" endtime="20210514 20:52:20.685"/>
</kw>
<status status="PASS" starttime="20210514 20:52:20.620" endtime="20210514 20:52:20.686"/>
</kw>
<kw name="Input Difficulty" library="resource">
<arg>${VALID DIFFICULTY}</arg>
<kw name="Select From List By Label" library="SeleniumLibrary">
<arg>difficulty_field</arg>
<arg>${difficulty}</arg>
<doc>Selects options from selection list ``locator`` by ``labels``.</doc>
<msg timestamp="20210514 20:52:20.687" level="INFO">Selecting options from selection list 'difficulty_field' by label Beginner.</msg>
<status status="PASS" starttime="20210514 20:52:20.686" endtime="20210514 20:52:20.737"/>
</kw>
<status status="PASS" starttime="20210514 20:52:20.686" endtime="20210514 20:52:20.738"/>
</kw>
<kw name="Input Language" library="resource">
<arg>${VALID LANGUAGE}</arg>
<kw name="Select From List By Label" library="SeleniumLibrary">
<arg>language_field</arg>
<arg>${language}</arg>
<doc>Selects options from selection list ``locator`` by ``labels``.</doc>
<msg timestamp="20210514 20:52:20.739" level="INFO">Selecting options from selection list 'language_field' by label Cantonese.</msg>
<status status="PASS" starttime="20210514 20:52:20.739" endtime="20210514 20:52:20.789"/>
</kw>
<status status="PASS" starttime="20210514 20:52:20.738" endtime="20210514 20:52:20.789"/>
</kw>
<kw name="Submit Credentials" library="resource">
<kw name="Click Button" library="SeleniumLibrary">
<arg>submit_button</arg>
<doc>Clicks the button identified by ``locator``.</doc>
<msg timestamp="20210514 20:52:20.790" level="INFO">Clicking button 'submit_button'.</msg>
<status status="PASS" starttime="20210514 20:52:20.790" endtime="20210514 20:52:20.919"/>
</kw>
<status status="PASS" starttime="20210514 20:52:20.789" endtime="20210514 20:52:20.919"/>
</kw>
<kw name="Class Created Page Should Be Open" library="resource">
<kw name="Location Should Be" library="SeleniumLibrary">
<arg>${CLASSCREATED URL}</arg>
<doc>Verifies that the current URL is exactly ``url``.</doc>
<msg timestamp="20210514 20:52:20.925" level="INFO">Current location is 'http://localhost:7272/classCreated.html'.</msg>
<status status="PASS" starttime="20210514 20:52:20.920" endtime="20210514 20:52:20.925"/>
</kw>
<kw name="Title Should Be" library="SeleniumLibrary">
<arg>Result Page</arg>
<doc>Verifies that the current page title equals ``title``.</doc>
<msg timestamp="20210514 20:52:20.929" level="INFO">Page title is 'Result Page'.</msg>
<status status="PASS" starttime="20210514 20:52:20.925" endtime="20210514 20:52:20.929"/>
</kw>
<status status="PASS" starttime="20210514 20:52:20.919" endtime="20210514 20:52:20.929"/>
</kw>
<kw name="Close Browser" library="SeleniumLibrary" type="TEARDOWN">
<doc>Closes the current browser.</doc>
<status status="PASS" starttime="20210514 20:52:20.930" endtime="20210514 20:52:23.007"/>
</kw>
<status status="PASS" starttime="20210514 20:52:17.948" endtime="20210514 20:52:23.008"/>
</test>
<doc>A test suite with a single test for valid login.

This test has a workflow that is created using keywords in
the imported resource file.</doc>
<status status="PASS" starttime="20210514 20:52:17.944" endtime="20210514 20:52:23.009"/>
</suite>
<status status="PASS" starttime="20210514 20:52:11.266" endtime="20210514 20:52:23.011"/>
</suite>
<statistics>
<total>
<stat pass="6" fail="0" skip="0">All Tests</stat>
</total>
<tag>
</tag>
<suite>
<stat pass="6" fail="0" skip="0" id="s1" name="classCreation tests">classCreation tests</stat>
<stat pass="5" fail="0" skip="0" id="s1-s1" name="Invalid Create">classCreation tests.Invalid Create</stat>
<stat pass="1" fail="0" skip="0" id="s1-s2" name="Valid Create">classCreation tests.Valid Create</stat>
</suite>
</statistics>
<errors>
</errors>
</robot>
